<?xml version="1.0" encoding="UTF-8"?>
<testng-results skipped="0" failed="0" total="3" passed="3">
  <reporter-output>
  </reporter-output>
  <suite name="Tests" duration-ms="9243" started-at="2016-11-11T19:19:45Z" finished-at="2016-11-11T19:19:55Z">
    <groups>
    </groups>
    <test name="Test1" duration-ms="9243" started-at="2016-11-11T19:19:45Z" finished-at="2016-11-11T19:19:55Z">
      <class name="test.LeftList">
        <test-method status="PASS" signature="initTestSuite()[pri:0, instance:test.LeftList@19b4d0f]" name="initTestSuite" is-config="true" duration-ms="17" started-at="2016-11-11T21:19:45Z" finished-at="2016-11-11T21:19:45Z">
          <reporter-output>
          </reporter-output>
        </test-method> <!-- initTestSuite -->
        <test-method status="PASS" signature="initWebDriver()[pri:0, instance:test.LeftList@19b4d0f]" name="initWebDriver" is-config="true" duration-ms="3191" started-at="2016-11-11T21:19:45Z" finished-at="2016-11-11T21:19:48Z">
          <reporter-output>
          </reporter-output>
        </test-method> <!-- initWebDriver -->
        <test-method status="PASS" signature="initPageObjects()[pri:0, instance:test.LeftList@19b4d0f]" name="initPageObjects" is-config="true" duration-ms="28" started-at="2016-11-11T21:19:48Z" finished-at="2016-11-11T21:19:49Z">
          <reporter-output>
          </reporter-output>
        </test-method> <!-- initPageObjects -->
        <test-method status="PASS" signature="DeleteLetters()[pri:0, instance:test.LeftList@19b4d0f]" name="DeleteLetters" duration-ms="2290" started-at="2016-11-11T21:19:49Z" finished-at="2016-11-11T21:19:51Z">
          <reporter-output>
          </reporter-output>
        </test-method> <!-- DeleteLetters -->
        <test-method status="PASS" signature="initWebDriver()[pri:0, instance:test.LeftList@19b4d0f]" name="initWebDriver" is-config="true" duration-ms="10" started-at="2016-11-11T21:19:51Z" finished-at="2016-11-11T21:19:51Z">
          <reporter-output>
          </reporter-output>
        </test-method> <!-- initWebDriver -->
        <test-method status="PASS" signature="initPageObjects()[pri:0, instance:test.LeftList@19b4d0f]" name="initPageObjects" is-config="true" duration-ms="0" started-at="2016-11-11T21:19:51Z" finished-at="2016-11-11T21:19:51Z">
          <reporter-output>
          </reporter-output>
        </test-method> <!-- initPageObjects -->
        <test-method status="PASS" signature="TestHomePageIsOpened()[pri:0, instance:test.LeftList@19b4d0f]" name="TestHomePageIsOpened" duration-ms="774" started-at="2016-11-11T21:19:51Z" finished-at="2016-11-11T21:19:52Z">
          <reporter-output>
          </reporter-output>
        </test-method> <!-- TestHomePageIsOpened -->
        <test-method status="PASS" signature="initWebDriver()[pri:0, instance:test.LeftList@19b4d0f]" name="initWebDriver" is-config="true" duration-ms="10" started-at="2016-11-11T21:19:52Z" finished-at="2016-11-11T21:19:52Z">
          <reporter-output>
          </reporter-output>
        </test-method> <!-- initWebDriver -->
        <test-method status="PASS" signature="TestHomePageLeftTable()[pri:0, instance:test.LeftList@19b4d0f]" name="TestHomePageLeftTable" duration-ms="2928" started-at="2016-11-11T21:19:52Z" finished-at="2016-11-11T21:19:55Z">
          <reporter-output>
          </reporter-output>
        </test-method> <!-- TestHomePageLeftTable -->
        <test-method status="PASS" signature="initPageObjects()[pri:0, instance:test.LeftList@19b4d0f]" name="initPageObjects" is-config="true" duration-ms="0" started-at="2016-11-11T21:19:52Z" finished-at="2016-11-11T21:19:52Z">
          <reporter-output>
          </reporter-output>
        </test-method> <!-- initPageObjects -->
        <test-method status="PASS" signature="tearDown()[pri:0, instance:test.LeftList@19b4d0f]" name="tearDown" is-config="true" duration-ms="783" started-at="2016-11-11T21:19:55Z" finished-at="2016-11-11T21:19:55Z">
          <reporter-output>
          </reporter-output>
        </test-method> <!-- tearDown -->
      </class> <!-- test.LeftList -->
    </test> <!-- Test1 -->
  </suite> <!-- Tests -->
</testng-results>
